c:\mycppprojects\xpdf-4.03\build\goo\goo_objs.dir\debug\goo_objs.pdb
c:\mycppprojects\xpdf-4.03\build\goo\goo_objs.dir\debug\trace.obj
c:\mycppprojects\xpdf-4.03\build\goo\goo_objs.dir\debug\gmempp.obj
c:\mycppprojects\xpdf-4.03\build\goo\goo_objs.dir\debug\gmem.obj
c:\mycppprojects\xpdf-4.03\build\goo\goo_objs.dir\debug\gfile.obj
c:\mycppprojects\xpdf-4.03\build\goo\goo_objs.dir\debug\gstring.obj
c:\mycppprojects\xpdf-4.03\build\goo\goo_objs.dir\debug\glist.obj
c:\mycppprojects\xpdf-4.03\build\goo\goo_objs.dir\debug\ghash.obj
c:\mycppprojects\xpdf-4.03\build\goo\goo_objs.dir\debug\fixedpoint.obj
c:\mycppprojects\xpdf-4.03\build\goo\goo_objs.dir\debug\parseargs.obj
c:\mycppprojects\xpdf-4.03\build\goo\cmakefiles\generate.stamp
c:\mycppprojects\xpdf-4.03\build\goo\goo_objs.dir\debug\goo_objs.lib
c:\mycppprojects\xpdf-4.03\build\goo\goo_objs.dir\debug\goo_objs.tlog\cl.command.1.tlog
c:\mycppprojects\xpdf-4.03\build\goo\goo_objs.dir\debug\goo_objs.tlog\cl.read.1.tlog
c:\mycppprojects\xpdf-4.03\build\goo\goo_objs.dir\debug\goo_objs.tlog\cl.write.1.tlog
c:\mycppprojects\xpdf-4.03\build\goo\goo_objs.dir\debug\goo_objs.tlog\custombuild.command.1.tlog
c:\mycppprojects\xpdf-4.03\build\goo\goo_objs.dir\debug\goo_objs.tlog\custombuild.read.1.tlog
c:\mycppprojects\xpdf-4.03\build\goo\goo_objs.dir\debug\goo_objs.tlog\custombuild.write.1.tlog
c:\mycppprojects\xpdf-4.03\build\goo\goo_objs.dir\debug\goo_objs.tlog\lib-link.read.1.tlog
c:\mycppprojects\xpdf-4.03\build\goo\goo_objs.dir\debug\goo_objs.tlog\lib-link.write.1.tlog
c:\mycppprojects\xpdf-4.03\build\goo\goo_objs.dir\debug\goo_objs.tlog\lib.command.1.tlog
