c:\mycppprojects\xpdf-4.03\build\xpdf\pdftotext.dir\debug\vc142.pdb
c:\mycppprojects\xpdf-4.03\build\xpdf\pdftotext.dir\debug\lib.obj
c:\mycppprojects\xpdf-4.03\build\xpdf\pdftotext.dir\debug\textoutputdev.obj
c:\mycppprojects\xpdf-4.03\build\xpdf\cmakefiles\generate.stamp
c:\mycppprojects\xpdf-4.03\build\xpdf\pdftotext.dir\debug\pdftotext.ilk
c:\mycppprojects\xpdf-4.03\build\xpdf\debug\pdftotext.dll
c:\mycppprojects\xpdf-4.03\build\xpdf\debug\pdftotext.pdb
c:\mycppprojects\xpdf-4.03\build\xpdf\debug\pdftotext.lib
c:\mycppprojects\xpdf-4.03\build\xpdf\debug\pdftotext.exp
c:\mycppprojects\xpdf-4.03\build\xpdf\pdftotext.dir\debug\pdftotext.tlog\cl.command.1.tlog
c:\mycppprojects\xpdf-4.03\build\xpdf\pdftotext.dir\debug\pdftotext.tlog\cl.read.1.tlog
c:\mycppprojects\xpdf-4.03\build\xpdf\pdftotext.dir\debug\pdftotext.tlog\cl.write.1.tlog
c:\mycppprojects\xpdf-4.03\build\xpdf\pdftotext.dir\debug\pdftotext.tlog\custombuild.command.1.tlog
c:\mycppprojects\xpdf-4.03\build\xpdf\pdftotext.dir\debug\pdftotext.tlog\custombuild.read.1.tlog
c:\mycppprojects\xpdf-4.03\build\xpdf\pdftotext.dir\debug\pdftotext.tlog\custombuild.write.1.tlog
c:\mycppprojects\xpdf-4.03\build\xpdf\pdftotext.dir\debug\pdftotext.tlog\link.command.1.tlog
c:\mycppprojects\xpdf-4.03\build\xpdf\pdftotext.dir\debug\pdftotext.tlog\link.delete.1.tlog
c:\mycppprojects\xpdf-4.03\build\xpdf\pdftotext.dir\debug\pdftotext.tlog\link.read.1.tlog
c:\mycppprojects\xpdf-4.03\build\xpdf\pdftotext.dir\debug\pdftotext.tlog\link.write.1.tlog
c:\mycppprojects\xpdf-4.03\build\xpdf\pdftotext.dir\debug\pdftotext.tlog\pdftotext.write.1u.tlog
