c:\mycppprojects\xpdf-4.03\build\xpdf\xpdf_objs.dir\debug\xpdf_objs.pdb
c:\mycppprojects\xpdf-4.03\build\xpdf\xpdf_objs.dir\debug\jpxstream.obj
c:\mycppprojects\xpdf-4.03\build\xpdf\xpdf_objs.dir\debug\jbig2stream.obj
c:\mycppprojects\xpdf-4.03\build\xpdf\xpdf_objs.dir\debug\jarithmeticdecoder.obj
c:\mycppprojects\xpdf-4.03\build\xpdf\xpdf_objs.dir\debug\globalparams.obj
c:\mycppprojects\xpdf-4.03\build\xpdf\xpdf_objs.dir\debug\gfxstate.obj
c:\mycppprojects\xpdf-4.03\build\xpdf\xpdf_objs.dir\debug\gfxfont.obj
c:\mycppprojects\xpdf-4.03\build\xpdf\xpdf_objs.dir\debug\gfx.obj
c:\mycppprojects\xpdf-4.03\build\xpdf\xpdf_objs.dir\debug\function.obj
c:\mycppprojects\xpdf-4.03\build\xpdf\xpdf_objs.dir\debug\fontencodingtables.obj
c:\mycppprojects\xpdf-4.03\build\xpdf\xpdf_objs.dir\debug\error.obj
c:\mycppprojects\xpdf-4.03\build\xpdf\xpdf_objs.dir\debug\dict.obj
c:\mycppprojects\xpdf-4.03\build\xpdf\xpdf_objs.dir\debug\decrypt.obj
c:\mycppprojects\xpdf-4.03\build\xpdf\xpdf_objs.dir\debug\cmap.obj
c:\mycppprojects\xpdf-4.03\build\xpdf\xpdf_objs.dir\debug\charcodetounicode.obj
c:\mycppprojects\xpdf-4.03\build\xpdf\xpdf_objs.dir\debug\catalog.obj
c:\mycppprojects\xpdf-4.03\build\xpdf\xpdf_objs.dir\debug\builtinfonttables.obj
c:\mycppprojects\xpdf-4.03\build\xpdf\xpdf_objs.dir\debug\builtinfont.obj
c:\mycppprojects\xpdf-4.03\build\xpdf\xpdf_objs.dir\debug\array.obj
c:\mycppprojects\xpdf-4.03\build\xpdf\xpdf_objs.dir\debug\annot.obj
c:\mycppprojects\xpdf-4.03\build\xpdf\xpdf_objs.dir\debug\acroform.obj
c:\mycppprojects\xpdf-4.03\build\xpdf\xpdf_objs.dir\debug\utf8.obj
c:\mycppprojects\xpdf-4.03\build\xpdf\xpdf_objs.dir\debug\unicodetypetable.obj
c:\mycppprojects\xpdf-4.03\build\xpdf\xpdf_objs.dir\debug\unicoderemapping.obj
c:\mycppprojects\xpdf-4.03\build\xpdf\xpdf_objs.dir\debug\unicodemap.obj
c:\mycppprojects\xpdf-4.03\build\xpdf\xpdf_objs.dir\debug\textstring.obj
c:\mycppprojects\xpdf-4.03\build\xpdf\xpdf_objs.dir\debug\stream.obj
c:\mycppprojects\xpdf-4.03\build\xpdf\xpdf_objs.dir\debug\securityhandler.obj
c:\mycppprojects\xpdf-4.03\build\xpdf\xpdf_objs.dir\debug\pstokenizer.obj
c:\mycppprojects\xpdf-4.03\build\xpdf\xpdf_objs.dir\debug\pdfdocencoding.obj
c:\mycppprojects\xpdf-4.03\build\xpdf\xpdf_objs.dir\debug\pdfdoc.obj
c:\mycppprojects\xpdf-4.03\build\xpdf\xpdf_objs.dir\debug\pdf417barcode.obj
c:\mycppprojects\xpdf-4.03\build\xpdf\xpdf_objs.dir\debug\parser.obj
c:\mycppprojects\xpdf-4.03\build\xpdf\xpdf_objs.dir\debug\page.obj
c:\mycppprojects\xpdf-4.03\build\xpdf\xpdf_objs.dir\debug\outputdev.obj
c:\mycppprojects\xpdf-4.03\build\xpdf\xpdf_objs.dir\debug\outline.obj
c:\mycppprojects\xpdf-4.03\build\xpdf\xpdf_objs.dir\debug\optionalcontent.obj
c:\mycppprojects\xpdf-4.03\build\xpdf\xpdf_objs.dir\debug\object.obj
c:\mycppprojects\xpdf-4.03\build\xpdf\xpdf_objs.dir\debug\nametocharcode.obj
c:\mycppprojects\xpdf-4.03\build\xpdf\xpdf_objs.dir\debug\link.obj
c:\mycppprojects\xpdf-4.03\build\xpdf\xpdf_objs.dir\debug\lexer.obj
c:\mycppprojects\xpdf-4.03\build\xpdf\xpdf_objs.dir\debug\zoox.obj
c:\mycppprojects\xpdf-4.03\build\xpdf\xpdf_objs.dir\debug\xref.obj
c:\mycppprojects\xpdf-4.03\build\xpdf\xpdf_objs.dir\debug\xfascanner.obj
c:\mycppprojects\xpdf-4.03\build\xpdf\cmakefiles\generate.stamp
c:\mycppprojects\xpdf-4.03\build\xpdf\xpdf_objs.dir\debug\xpdf_objs.lib
c:\mycppprojects\xpdf-4.03\build\xpdf\xpdf_objs.dir\debug\xpdf_objs.tlog\cl.command.1.tlog
c:\mycppprojects\xpdf-4.03\build\xpdf\xpdf_objs.dir\debug\xpdf_objs.tlog\cl.read.1.tlog
c:\mycppprojects\xpdf-4.03\build\xpdf\xpdf_objs.dir\debug\xpdf_objs.tlog\cl.write.1.tlog
c:\mycppprojects\xpdf-4.03\build\xpdf\xpdf_objs.dir\debug\xpdf_objs.tlog\custombuild.command.1.tlog
c:\mycppprojects\xpdf-4.03\build\xpdf\xpdf_objs.dir\debug\xpdf_objs.tlog\custombuild.read.1.tlog
c:\mycppprojects\xpdf-4.03\build\xpdf\xpdf_objs.dir\debug\xpdf_objs.tlog\custombuild.write.1.tlog
c:\mycppprojects\xpdf-4.03\build\xpdf\xpdf_objs.dir\debug\xpdf_objs.tlog\lib-link.read.1.tlog
c:\mycppprojects\xpdf-4.03\build\xpdf\xpdf_objs.dir\debug\xpdf_objs.tlog\lib-link.write.1.tlog
c:\mycppprojects\xpdf-4.03\build\xpdf\xpdf_objs.dir\debug\xpdf_objs.tlog\lib.command.1.tlog
