  Building Custom Rule C:/MyCppProjects/xpdf-4.03/xpdf/CMakeLists.txt
cl : linha de comando warning D9002: ignorando opção desconhecida '-fPIC'
cl : linha de comando warning D9002: ignorando opção desconhecida '-fvisibility=hidden'
  AcroForm.cc
  Annot.cc
  Array.cc
  BuiltinFont.cc
  BuiltinFontTables.cc
  Catalog.cc
  CharCodeToUnicode.cc
  CMap.cc
  Decrypt.cc
  Dict.cc
  Error.cc
  FontEncodingTables.cc
  Function.cc
  Gfx.cc
  GfxFont.cc
  GfxState.cc
  GlobalParams.cc
  JArithmeticDecoder.cc
  JBIG2Stream.cc
  JPXStream.cc
  Gerando Código...
  Compilando...
  Lexer.cc
  Link.cc
  NameToCharCode.cc
  Object.cc
  OptionalContent.cc
  Outline.cc
  OutputDev.cc
  Page.cc
  Parser.cc
  PDF417Barcode.cc
  PDFDoc.cc
  PDFDocEncoding.cc
  PSTokenizer.cc
  SecurityHandler.cc
  Stream.cc
  TextString.cc
  UnicodeMap.cc
  UnicodeRemapping.cc
  UnicodeTypeTable.cc
  UTF8.cc
  Gerando Código...
  Compilando...
  XFAScanner.cc
  XRef.cc
  Zoox.cc
  Gerando Código...
  xpdf_objs.vcxproj -> C:\MyCppProjects\xpdf-4.03\build\xpdf\xpdf_objs.dir\Debug\xpdf_objs.lib
